<?xml version="1.0" encoding="UTF-8"?>
<!-- Generated by org.testng.reporters.JUnitReportReporter -->
<testsuite hostname="Dev-25" failures="0" tests="1" name="com.TogelAdmin.Login" time="6.349" errors="0" timestamp="2023-10-31T11:46:48 IST" skipped="0">
  <testcase classname="com.TogelAdmin.Login" name="verifyLogin" time="6.349"/>
</testsuite> <!-- com.TogelAdmin.Login -->
