<?xml version="1.0" encoding="UTF-8"?>
<!-- Generated by org.testng.reporters.JUnitReportReporter -->
<testsuite hostname="DESKTOP-G99BSTE" failures="0" tests="1" name="com.utilityClass.Supply" time="6.431" errors="0" timestamp="2023-11-04T00:22:16 IST" skipped="0">
  <testcase classname="com.utilityClass.Supply" name="importData" time="6.431"/>
</testsuite> <!-- com.utilityClass.Supply -->
