<?xml version="1.0" encoding="UTF-8"?>
<!-- Generated by org.testng.reporters.JUnitReportReporter -->
<testsuite hostname="Dev-25" failures="0" tests="1" name="com.Admin_TestCases.RecordTest$LoginTest" time="14.758" errors="0" timestamp="2024-08-26T12:56:20 IST" skipped="0">
  <testcase classname="com.Admin_TestCases.RecordTest$LoginTest" name="verifyLogin" time="14.758"/>
</testsuite> <!-- com.Admin_TestCases.RecordTest$LoginTest -->
